<?xml version="1.0" encoding="UTF-8"?>
<testng-results total="1" passed="0" failed="1" skipped="0">
  <reporter-output>
  </reporter-output>
  <suite started-at="2025-01-18T12:06:51Z" name="Default suite" finished-at="2025-01-18T12:07:35Z" duration-ms="44160">
    <groups>
    </groups>
    <test started-at="2025-01-18T12:06:51Z" name="Default test" finished-at="2025-01-18T12:07:35Z" duration-ms="44160">
      <class name="TestExecute.Osprey_EMEA.E2E_OrderPlacements.TEST_GOLD_OSP_EMEA_E2E_NW_009_GuestUser_Checkout_With_Discount_Paypal_Payment">
        <test-method is-config="true" signature="startTest()[pri:0, instance:TestExecute.Osprey_EMEA.E2E_OrderPlacements.TEST_GOLD_OSP_EMEA_E2E_NW_009_GuestUser_Checkout_With_Discount_Paypal_Payment@7a94b64e]" started-at="2025-01-18T17:36:51Z" name="startTest" finished-at="2025-01-18T17:37:01Z" duration-ms="10723" status="PASS">
          <reporter-output>
          </reporter-output>
        </test-method> <!-- startTest -->
        <test-method signature="Verifying_Guest_Discount_Paypal_Payment()[pri:0, instance:TestExecute.Osprey_EMEA.E2E_OrderPlacements.TEST_GOLD_OSP_EMEA_E2E_NW_009_GuestUser_Checkout_With_Discount_Paypal_Payment@7a94b64e]" started-at="2025-01-18T17:37:01Z" name="Verifying_Guest_Discount_Paypal_Payment" finished-at="2025-01-18T17:37:35Z" duration-ms="33219" status="FAIL">
          <exception class="java.lang.AssertionError">
            <message>
              <![CDATA[null]]>
            </message>
            <full-stacktrace>
              <![CDATA[java.lang.AssertionError: null
	at org.testng.Assert.fail(Assert.java:94)
	at org.testng.Assert.fail(Assert.java:101)
	at TestComponent.Osprey_EMEA.OspreyEMEA_E2E_HYVA.verifingHomePage(OspreyEMEA_E2E_HYVA.java:151)
	at TestExecute.Osprey_EMEA.E2E_OrderPlacements.TEST_GOLD_OSP_EMEA_E2E_NW_009_GuestUser_Checkout_With_Discount_Paypal_Payment.Verifying_Guest_Discount_Paypal_Payment(TEST_GOLD_OSP_EMEA_E2E_NW_009_GuestUser_Checkout_With_Discount_Paypal_Payment.java:28)
	at java.base/jdk.internal.reflect.NativeMethodAccessorImpl.invoke0(Native Method)
	at java.base/jdk.internal.reflect.NativeMethodAccessorImpl.invoke(NativeMethodAccessorImpl.java:77)
	at java.base/jdk.internal.reflect.DelegatingMethodAccessorImpl.invoke(DelegatingMethodAccessorImpl.java:43)
	at java.base/java.lang.reflect.Method.invoke(Method.java:568)
	at org.testng.internal.MethodInvocationHelper.invokeMethod(MethodInvocationHelper.java:80)
	at org.testng.internal.Invoker.invokeMethod(Invoker.java:714)
	at org.testng.internal.Invoker.invokeTestMethod(Invoker.java:901)
	at org.testng.internal.Invoker.invokeTestMethods(Invoker.java:1231)
	at org.testng.internal.TestMethodWorker.invokeTestMethods(TestMethodWorker.java:127)
	at org.testng.internal.TestMethodWorker.run(TestMethodWorker.java:111)
	at org.testng.TestRunner.privateRun(TestRunner.java:767)
	at org.testng.TestRunner.run(TestRunner.java:617)
	at org.testng.SuiteRunner.runTest(SuiteRunner.java:334)
	at org.testng.SuiteRunner.runSequentially(SuiteRunner.java:329)
	at org.testng.SuiteRunner.privateRun(SuiteRunner.java:291)
	at org.testng.SuiteRunner.run(SuiteRunner.java:240)
	at org.testng.SuiteRunnerWorker.runSuite(SuiteRunnerWorker.java:52)
	at org.testng.SuiteRunnerWorker.run(SuiteRunnerWorker.java:86)
	at org.testng.TestNG.runSuitesSequentially(TestNG.java:1198)
	at org.testng.TestNG.runSuitesLocally(TestNG.java:1123)
	at org.testng.TestNG.run(TestNG.java:1031)
	at org.testng.remote.AbstractRemoteTestNG.run(AbstractRemoteTestNG.java:115)
	at org.testng.remote.RemoteTestNG.initAndRun(RemoteTestNG.java:293)
	at org.testng.remote.RemoteTestNG.main(RemoteTestNG.java:91)
]]>
            </full-stacktrace>
          </exception> <!-- java.lang.AssertionError -->
          <reporter-output>
          </reporter-output>
        </test-method> <!-- Verifying_Guest_Discount_Paypal_Payment -->
        <test-method is-config="true" signature="clearBrowser()[pri:0, instance:TestExecute.Osprey_EMEA.E2E_OrderPlacements.TEST_GOLD_OSP_EMEA_E2E_NW_009_GuestUser_Checkout_With_Discount_Paypal_Payment@7a94b64e]" started-at="2025-01-18T17:37:35Z" name="clearBrowser" finished-at="2025-01-18T17:37:35Z" duration-ms="204" status="PASS">
          <reporter-output>
          </reporter-output>
        </test-method> <!-- clearBrowser -->
      </class> <!-- TestExecute.Osprey_EMEA.E2E_OrderPlacements.TEST_GOLD_OSP_EMEA_E2E_NW_009_GuestUser_Checkout_With_Discount_Paypal_Payment -->
    </test> <!-- Default test -->
  </suite> <!-- Default suite -->
</testng-results>
