<?xml version="1.0" encoding="UTF-8"?>
<!-- Generated by org.testng.reporters.JUnitReportReporter -->
<testsuite hostname="LAPTOP-2VNTS4UG" failures="0" tests="1" name="TestExecute.Osprey_EMEA.E2E_OrderPlacements.Test_DGLD_OSP_EMEA_E2E_009_UK_Guest_Regular_item_giftcard_product_ordertotal_cover_with_creditcard_StandardShipping" time="77.312" errors="1" timestamp="18 Jan 2025 12:05:13 GMT">
  <testcase classname="TestExecute.Osprey_EMEA.E2E_OrderPlacements.Test_DGLD_OSP_EMEA_E2E_009_UK_Guest_Regular_item_giftcard_product_ordertotal_cover_with_creditcard_StandardShipping" name="Verifying_Guest_Regular_item_giftcard_product_ordertotal_cover_with_creditcard_StandardShipping" time="77.312">
    <error message="null" type="java.lang.AssertionError">
      <![CDATA[java.lang.AssertionError: null
	at org.testng.Assert.fail(Assert.java:94)
	at org.testng.Assert.fail(Assert.java:101)
	at TestComponent.Osprey_EMEA.OspreyEMEA_E2EHelper.Card_Value(OspreyEMEA_E2EHelper.java:9889)
	at TestExecute.Osprey_EMEA.E2E_OrderPlacements.Test_DGLD_OSP_EMEA_E2E_009_UK_Guest_Regular_item_giftcard_product_ordertotal_cover_with_creditcard_StandardShipping.Verifying_Guest_Regular_item_giftcard_product_ordertotal_cover_with_creditcard_StandardShipping(Test_DGLD_OSP_EMEA_E2E_009_UK_Guest_Regular_item_giftcard_product_ordertotal_cover_with_creditcard_StandardShipping.java:28)
	at java.base/jdk.internal.reflect.NativeMethodAccessorImpl.invoke0(Native Method)
	at java.base/jdk.internal.reflect.NativeMethodAccessorImpl.invoke(NativeMethodAccessorImpl.java:77)
	at java.base/jdk.internal.reflect.DelegatingMethodAccessorImpl.invoke(DelegatingMethodAccessorImpl.java:43)
	at java.base/java.lang.reflect.Method.invoke(Method.java:568)
	at org.testng.internal.MethodInvocationHelper.invokeMethod(MethodInvocationHelper.java:80)
	at org.testng.internal.Invoker.invokeMethod(Invoker.java:714)
	at org.testng.internal.Invoker.invokeTestMethod(Invoker.java:901)
	at org.testng.internal.Invoker.invokeTestMethods(Invoker.java:1231)
	at org.testng.internal.TestMethodWorker.invokeTestMethods(TestMethodWorker.java:127)
	at org.testng.internal.TestMethodWorker.run(TestMethodWorker.java:111)
	at org.testng.TestRunner.privateRun(TestRunner.java:767)
	at org.testng.TestRunner.run(TestRunner.java:617)
	at org.testng.SuiteRunner.runTest(SuiteRunner.java:334)
	at org.testng.SuiteRunner.runSequentially(SuiteRunner.java:329)
	at org.testng.SuiteRunner.privateRun(SuiteRunner.java:291)
	at org.testng.SuiteRunner.run(SuiteRunner.java:240)
	at org.testng.SuiteRunnerWorker.runSuite(SuiteRunnerWorker.java:52)
	at org.testng.SuiteRunnerWorker.run(SuiteRunnerWorker.java:86)
	at org.testng.TestNG.runSuitesSequentially(TestNG.java:1198)
	at org.testng.TestNG.runSuitesLocally(TestNG.java:1123)
	at org.testng.TestNG.run(TestNG.java:1031)
	at org.testng.remote.AbstractRemoteTestNG.run(AbstractRemoteTestNG.java:115)
	at org.testng.remote.RemoteTestNG.initAndRun(RemoteTestNG.java:293)
	at org.testng.remote.RemoteTestNG.main(RemoteTestNG.java:91)
]]>
    </error>
  </testcase> <!-- Verifying_Guest_Regular_item_giftcard_product_ordertotal_cover_with_creditcard_StandardShipping -->
</testsuite> <!-- TestExecute.Osprey_EMEA.E2E_OrderPlacements.Test_DGLD_OSP_EMEA_E2E_009_UK_Guest_Regular_item_giftcard_product_ordertotal_cover_with_creditcard_StandardShipping -->
